2018-10-26 10:02:08,173 - INFO - Beginning execution of dms2_batch_fracsurvive in directory /fh/fast/bloom_j/computational_notebooks/adingens/2018/EnfuvirtideResistance

2018-10-26 10:02:08,174 - INFO - Progress is being logged to ./results/fracsurviveaboveavg/summary.log
2018-10-26 10:02:08,181 - INFO - Version information:
	Time and date: Fri Oct 26 10:02:08 2018
	Platform: Linux-3.13.0-143-generic-x86_64-with-debian-jessie-sid
	Python version: 3.6.5 |Anaconda, Inc.| (default, Apr 29 2018, 16:14:56)  [GCC 7.2.0]
	dms_tools2 version: 2.3.0
	Bio version: 1.72
	HTSeq version: 0.11.0
	pandas version: 0.23.4
	numpy version: 1.15.1
	IPython version: 6.5.0
	jupyter version: 1.0.0
	matplotlib version: 3.0.0
	plotnine version: 0.5.0
	natsort version: 5.4.1
	pystan version: 2.16.0.0
	scipy version: 1.1.0
	seaborn version: 0.9.0
	phydmslib version: 2.3.1
	statsmodels version: 0.9.0
	rpy2 version: 2.9.1
	regex version: 2.4.146
	umi_tools version unknown

2018-10-26 10:02:08,181 - INFO - Parsed the following arguments:
	outdir = ./results/fracsurviveaboveavg
	ncpus = -1
	use_existing = yes
	indir = ./results/renumberedcounts
	chartype = codon_to_aa
	aboveavg = yes
	excludestop = yes
	pseudocount = 5
	mincount = 0
	batchfile = ./results/fracsurvive/batch.csv
	summaryprefix = summary

2018-10-26 10:02:08,181 - INFO - Parsing info from ./results/fracsurvive/batch.csv
2018-10-26 10:02:08,209 - INFO - Read the following sample information:
group,name,sel,mock,err,mds_names,libfracsurvive
T20-8ug,rep2b,mut-virus-rep2b-T20-8ug,mut-virus-rep2b,wt-DNA-rep2,T20-8ug-rep2b,0.001509534
T20-8ug,rep3b,mut-virus-rep3b-T20-8ug,mut-virus-rep3b,wt-DNA-rep3,T20-8ug-rep3b,0.0043568470000000005
T20-8ug,rep1b,mut-virus-rep1b-T20-8ug,mut-virus-rep1b,wt-DNA-rep1,T20-8ug-rep1b,0.007777778000000002


2018-10-26 10:02:08,217 - INFO - Output summary files already exist and '--use_existing' is 'yes', so exiting with no further action.
