2018-10-25 18:57:11,174 - INFO - Beginning execution of dms2_logoplot in directory /fh/fast/bloom_j/computational_notebooks/adingens/2018/EnfuvirtideResistance

2018-10-25 18:57:11,174 - INFO - Progress is being logged to ./results/fracsurviveaboveavg/T20-8ug-median.log
2018-10-25 18:57:11,183 - INFO - Version information:
	Time and date: Thu Oct 25 18:57:11 2018
	Platform: Linux-3.13.0-143-generic-x86_64-with-debian-jessie-sid
	Python version: 3.6.5 |Anaconda, Inc.| (default, Apr 29 2018, 16:14:56)  [GCC 7.2.0]
	dms_tools2 version: 2.3.0
	Bio version: 1.72
	HTSeq version: 0.11.0
	pandas version: 0.23.4
	numpy version: 1.15.1
	IPython version: 6.5.0
	jupyter version: 1.0.0
	matplotlib version: 3.0.0
	plotnine version: 0.5.0
	natsort version: 5.4.1
	pystan version: 2.16.0.0
	scipy version: 1.1.0
	seaborn version: 0.9.0
	phydmslib version: 2.3.1
	statsmodels version: 0.9.0
	rpy2 version: 2.9.1
	regex version: 2.4.146
	umi_tools version unknown

2018-10-25 18:57:11,183 - INFO - Parsed the following arguments:
	outdir = ./results/fracsurviveaboveavg
	ncpus = -1
	use_existing = yes
	prefs = None
	diffsel = None
	fracsurvive = ./results/fracsurviveaboveavg/summary_T20-8ug-medianmutfracsurvive.csv
	diffprefs = None
	name = T20-8ug-median
	nperline = 84
	numberevery = 10
	excludestop = no
	stringency = 1
	restrictdiffsel = all
	diffselrange = None
	fracsurvivemax = None
	sortsites = yes
	mapmetric = functionalgroup
	colormap = jet
	overlay1 = ['./results/fracsurviveaboveavg/summary_T20-8ug-medianmutfracsurvive.csv', 'wildtype', 'wildtype']
	overlay2 = None
	overlay3 = None
	underlay = yes
	scalebar = ['0.3', 'fraction surviving above avg = 0.3']
	overlaycolormap = jet
	letterheight = 1
	ignore_extracols = no
	sepline = no

2018-10-25 18:57:11,186 - INFO - Reading fracsurvive from file ./results/fracsurviveaboveavg/summary_T20-8ug-medianmutfracsurvive.csv...
2018-10-25 18:57:11,221 - INFO - Read data for 670 sites.

2018-10-25 18:57:11,274 - INFO - Reading overlay for wildtype from ./results/fracsurviveaboveavg/summary_T20-8ug-medianmutfracsurvive.csv...
2018-10-25 18:57:11,375 - INFO - Read overlay for 670 sites.

2018-10-25 18:57:11,375 - INFO - Making logo plot ./results/fracsurviveaboveavg/T20-8ug-median_fracsurvive.pdf...
2018-10-25 18:57:17,250 - INFO - Successfully created logo plot.

2018-10-25 18:57:17,251 - INFO - Successful completion of dms2_logoplot
