2018-10-25 18:49:54,580 - INFO - Beginning execution of dms2_fracsurvive in directory /fh/fast/bloom_j/computational_notebooks/adingens/2018/EnfuvirtideResistance

2018-10-25 18:49:54,580 - INFO - Progress is being logged to ./results/fracsurviveaboveavg/T20-8ug-rep3b.log
2018-10-25 18:49:54,587 - INFO - Version information:
	Time and date: Thu Oct 25 18:49:54 2018
	Platform: Linux-3.13.0-143-generic-x86_64-with-debian-jessie-sid
	Python version: 3.6.5 |Anaconda, Inc.| (default, Apr 29 2018, 16:14:56)  [GCC 7.2.0]
	dms_tools2 version: 2.3.0
	Bio version: 1.72
	HTSeq version: 0.11.0
	pandas version: 0.23.4
	numpy version: 1.15.1
	IPython version: 6.5.0
	jupyter version: 1.0.0
	matplotlib version: 3.0.0
	plotnine version: 0.5.0
	natsort version: 5.4.1
	pystan version: 2.16.0.0
	scipy version: 1.1.0
	seaborn version: 0.9.0
	phydmslib version: 2.3.1
	statsmodels version: 0.9.0
	rpy2 version: 2.9.1
	regex version: 2.4.146
	umi_tools version unknown

2018-10-25 18:49:54,587 - INFO - Parsed the following arguments:
	outdir = ./results/fracsurviveaboveavg
	ncpus = 5
	use_existing = yes
	indir = ./results/renumberedcounts
	chartype = codon_to_aa
	aboveavg = yes
	excludestop = yes
	pseudocount = 5.0
	mincount = 0
	name = T20-8ug-rep3b
	sel = mut-virus-rep3b-T20-8ug
	mock = mut-virus-rep3b
	libfracsurvive = 0.0043568470000000005
	err = wt-DNA-rep3

2018-10-25 18:49:54,591 - INFO - Reading selected sample counts from mut-virus-rep3b-T20-8ug
2018-10-25 18:49:54,617 - INFO - Reading mock-selected sample counts from mut-virus-rep3b
2018-10-25 18:49:54,627 - INFO - Reading error-control sample counts from wt-DNA-rep3
2018-10-25 18:49:54,634 - INFO - Computing fracsurvive for each mutation...
2018-10-25 18:49:54,634 - INFO - These are the fracsurvive **above** the library average of 0.0043568470000000005
2018-10-25 18:49:57,863 - INFO - Mutations with largest mutfracsurvive:
site wildtype mutation  mutfracsurvive
552        Q        R            0.26
551        Q        K            0.20
552        Q        K            0.07
551        Q        R            0.06
548        I        Y            0.05
117        K        F            0.04
 61        Y        C            0.04
556        L        R            0.04
 76        P        Y            0.04
207        K        Q            0.04

2018-10-25 18:49:57,863 - INFO - Writing to ./results/fracsurviveaboveavg/T20-8ug-rep3b_mutfracsurvive.csv
2018-10-25 18:49:57,893 - INFO - Computing sitefracsurvive...
2018-10-25 18:49:57,906 - INFO - Sites with largest avgfracsurvive:
site  avgfracsurvive  maxfracsurvive
551            0.02            0.20
552            0.02            0.26
548            0.01            0.05
207            0.01            0.04
 76            0.01            0.04
 61            0.01            0.04
556            0.01            0.04
213            0.01            0.03
105            0.00            0.03
111            0.00            0.03

2018-10-25 18:49:57,906 - INFO - Writing to ./results/fracsurviveaboveavg/T20-8ug-rep3b_sitefracsurvive.csv
2018-10-25 18:49:57,913 - INFO - Successful completion of dms2_fracsurvive
