2018-10-25 18:34:35,998 - INFO - Beginning execution of dms2_bcsubamp in directory /fh/fast/bloom_j/computational_notebooks/adingens/2018/EnfuvirtideResistance

2018-10-25 18:34:35,999 - INFO - Progress is being logged to ./results/codoncounts/mut-DNA-rep3.log
2018-10-25 18:34:36,006 - INFO - Version information:
	Time and date: Thu Oct 25 18:34:35 2018
	Platform: Linux-3.13.0-143-generic-x86_64-with-debian-jessie-sid
	Python version: 3.6.5 |Anaconda, Inc.| (default, Apr 29 2018, 16:14:56)  [GCC 7.2.0]
	dms_tools2 version: 2.3.0
	Bio version: 1.72
	HTSeq version: 0.11.0
	pandas version: 0.23.4
	numpy version: 1.15.1
	IPython version: 6.5.0
	jupyter version: 1.0.0
	matplotlib version: 3.0.0
	plotnine version: 0.5.0
	natsort version: 5.4.1
	pystan version: 2.16.0.0
	scipy version: 1.1.0
	seaborn version: 0.9.0
	phydmslib version: 2.3.1
	statsmodels version: 0.9.0
	rpy2 version: 2.9.1
	regex version: 2.4.146
	umi_tools version unknown

2018-10-25 18:34:36,006 - INFO - Parsed the following arguments:
	outdir = ./results/codoncounts
	ncpus = -1
	use_existing = yes
	refseq = ./data/BG505.W6.C2.T332N_env.fasta
	alignspecs = ['87,375,39,36', '376,666,36,39', '663,954,33,41', '955,1228,33,37', '1228,1527,34,35', '1527,1815,32,39', '1816,2098,36,41']
	bclen = 8
	fastqdir = ./results/FASTQ_files/
	R2 = None
	R1trim = [200]
	R2trim = [170]
	bclen2 = None
	chartype = codon
	maxmuts = 4
	minq = 15
	minreads = 2
	minfraccall = 0.95
	minconcur = 0.75
	sitemask = None
	purgeread = 0
	purgebc = 0
	bcinfo = False
	name = mut-DNA-rep3
	R1 = ['mut-DNA-rep3_R1.fastq.gz']

2018-10-25 18:34:36,099 - INFO - Read refseq of 2583 codons from ./data/BG505.W6.C2.T332N_env.fasta
2018-10-25 18:34:36,103 - INFO - Reads are in these FASTQ pairs:
	./results/FASTQ_files/mut-DNA-rep3_R1.fastq.gz and ./results/FASTQ_files/mut-DNA-rep3_R2.fastq.gz

2018-10-25 18:34:36,104 - INFO - Now parsing read pairs...
2018-10-25 18:34:47,866 - INFO - Reads parsed so far: 500000
2018-10-25 18:34:59,354 - INFO - Reads parsed so far: 1000000
2018-10-25 18:35:10,466 - INFO - Reads parsed so far: 1500000
2018-10-25 18:35:21,716 - INFO - Reads parsed so far: 2000000
2018-10-25 18:35:33,435 - INFO - Reads parsed so far: 2500000
2018-10-25 18:35:44,947 - INFO - Reads parsed so far: 3000000
2018-10-25 18:35:57,499 - INFO - Reads parsed so far: 3500000
2018-10-25 18:36:08,650 - INFO - Reads parsed so far: 4000000
2018-10-25 18:36:21,415 - INFO - Reads parsed so far: 4500000
2018-10-25 18:36:32,154 - INFO - Reads parsed so far: 5000000
2018-10-25 18:36:43,455 - INFO - Reads parsed so far: 5500000
2018-10-25 18:36:58,170 - INFO - Reads parsed so far: 6000000
2018-10-25 18:37:09,291 - INFO - Reads parsed so far: 6500000
2018-10-25 18:37:20,328 - INFO - Reads parsed so far: 7000000
2018-10-25 18:37:31,139 - INFO - Reads parsed so far: 7500000
2018-10-25 18:37:45,107 - INFO - Reads parsed so far: 8000000
2018-10-25 18:37:56,661 - INFO - Reads parsed so far: 8500000
2018-10-25 18:38:08,370 - INFO - Reads parsed so far: 9000000
2018-10-25 18:38:19,727 - INFO - Reads parsed so far: 9500000
2018-10-25 18:38:30,924 - INFO - Reads parsed so far: 10000000
2018-10-25 18:38:46,855 - INFO - Reads parsed so far: 10500000
2018-10-25 18:38:57,814 - INFO - Reads parsed so far: 11000000
2018-10-25 18:39:08,771 - INFO - Reads parsed so far: 11500000
2018-10-25 18:39:19,757 - INFO - Reads parsed so far: 12000000
2018-10-25 18:39:30,692 - INFO - Reads parsed so far: 12500000
2018-10-25 18:39:41,505 - INFO - Reads parsed so far: 13000000
2018-10-25 18:39:52,245 - INFO - Reads parsed so far: 13500000
2018-10-25 18:40:03,057 - INFO - Reads parsed so far: 14000000
2018-10-25 18:40:19,627 - INFO - Reads parsed so far: 14500000
2018-10-25 18:40:30,309 - INFO - Reads parsed so far: 15000000
2018-10-25 18:40:41,030 - INFO - Reads parsed so far: 15500000
2018-10-25 18:40:51,976 - INFO - Reads parsed so far: 16000000
2018-10-25 18:41:02,842 - INFO - Reads parsed so far: 16500000
2018-10-25 18:41:13,586 - INFO - Reads parsed so far: 17000000
2018-10-25 18:41:24,360 - INFO - Reads parsed so far: 17500000
2018-10-25 18:41:35,271 - INFO - Reads parsed so far: 18000000
2018-10-25 18:41:46,182 - INFO - Reads parsed so far: 18500000
2018-10-25 18:41:50,266 - INFO - Parsed 18688204 reads, found 9548961 unique barcodes.
2018-10-25 18:41:50,272 - INFO - Summary stats on reads:
total  fail filter  low Q barcode
18688204            0        2089323
2018-10-25 18:41:50,272 - INFO - Writing these stats to ./results/codoncounts/mut-DNA-rep3_readstats.csv

2018-10-25 18:41:53,138 - INFO - Number of reads per barcode:
                 number of barcodes
number of reads                    
1                           5837325
2                           1771552
3                           1065985
4                            528570
5                            223021
6                             83237
7                             27422
8                              8420
9                              2415
10                              729
11                              214
12                               48
13                               13
14                                6
15                                1
16                                1
18                                1
119                               1
2018-10-25 18:41:53,139 - INFO - Writing these stats to ./results/codoncounts/mut-DNA-rep3_readsperbc.csv

2018-10-25 18:41:53,144 - INFO - Examining the 9548961 barcodes to build and align subamplicons...
2018-10-25 18:42:00,928 - INFO - Barcodes examined so far: 200000
2018-10-25 18:42:08,528 - INFO - Barcodes examined so far: 400000
2018-10-25 18:42:15,989 - INFO - Barcodes examined so far: 600000
2018-10-25 18:42:23,282 - INFO - Barcodes examined so far: 800000
2018-10-25 18:42:30,606 - INFO - Barcodes examined so far: 1000000
2018-10-25 18:42:37,645 - INFO - Barcodes examined so far: 1200000
2018-10-25 18:42:44,558 - INFO - Barcodes examined so far: 1400000
2018-10-25 18:42:51,326 - INFO - Barcodes examined so far: 1600000
2018-10-25 18:42:57,850 - INFO - Barcodes examined so far: 1800000
2018-10-25 18:43:04,423 - INFO - Barcodes examined so far: 2000000
2018-10-25 18:43:10,981 - INFO - Barcodes examined so far: 2200000
2018-10-25 18:43:17,368 - INFO - Barcodes examined so far: 2400000
2018-10-25 18:43:23,597 - INFO - Barcodes examined so far: 2600000
2018-10-25 18:43:29,678 - INFO - Barcodes examined so far: 2800000
2018-10-25 18:43:35,668 - INFO - Barcodes examined so far: 3000000
2018-10-25 18:43:41,492 - INFO - Barcodes examined so far: 3200000
2018-10-25 18:43:47,059 - INFO - Barcodes examined so far: 3400000
2018-10-25 18:43:52,869 - INFO - Barcodes examined so far: 3600000
2018-10-25 18:43:58,520 - INFO - Barcodes examined so far: 3800000
2018-10-25 18:44:04,089 - INFO - Barcodes examined so far: 4000000
2018-10-25 18:44:09,504 - INFO - Barcodes examined so far: 4200000
2018-10-25 18:44:14,668 - INFO - Barcodes examined so far: 4400000
2018-10-25 18:44:19,622 - INFO - Barcodes examined so far: 4600000
2018-10-25 18:44:24,328 - INFO - Barcodes examined so far: 4800000
2018-10-25 18:44:29,038 - INFO - Barcodes examined so far: 5000000
2018-10-25 18:44:33,614 - INFO - Barcodes examined so far: 5200000
2018-10-25 18:44:37,949 - INFO - Barcodes examined so far: 5400000
2018-10-25 18:44:42,154 - INFO - Barcodes examined so far: 5600000
2018-10-25 18:44:46,128 - INFO - Barcodes examined so far: 5800000
2018-10-25 18:44:49,891 - INFO - Barcodes examined so far: 6000000
2018-10-25 18:44:53,513 - INFO - Barcodes examined so far: 6200000
2018-10-25 18:44:56,933 - INFO - Barcodes examined so far: 6400000
2018-10-25 18:45:00,121 - INFO - Barcodes examined so far: 6600000
2018-10-25 18:45:03,094 - INFO - Barcodes examined so far: 6800000
2018-10-25 18:45:05,773 - INFO - Barcodes examined so far: 7000000
2018-10-25 18:45:08,393 - INFO - Barcodes examined so far: 7200000
2018-10-25 18:45:10,820 - INFO - Barcodes examined so far: 7400000
2018-10-25 18:45:13,029 - INFO - Barcodes examined so far: 7600000
2018-10-25 18:45:15,021 - INFO - Barcodes examined so far: 7800000
2018-10-25 18:45:16,802 - INFO - Barcodes examined so far: 8000000
2018-10-25 18:45:18,432 - INFO - Barcodes examined so far: 8200000
2018-10-25 18:45:19,889 - INFO - Barcodes examined so far: 8400000
2018-10-25 18:45:21,138 - INFO - Barcodes examined so far: 8600000
2018-10-25 18:45:22,146 - INFO - Barcodes examined so far: 8800000
2018-10-25 18:45:22,968 - INFO - Barcodes examined so far: 9000000
2018-10-25 18:45:23,566 - INFO - Barcodes examined so far: 9200000
2018-10-25 18:45:23,952 - INFO - Barcodes examined so far: 9400000
2018-10-25 18:45:24,088 - INFO - Examined all barcodes. Summary stats:
total  too few reads  not alignable  aligned
9548961        5837325        1486671  2224965
2018-10-25 18:45:24,088 - INFO - Writing these stats to ./results/codoncounts/mut-DNA-rep3_bcstats.csv

2018-10-25 18:45:24,116 - INFO - Writing the counts of each codon identity at each site to ./results/codoncounts/mut-DNA-rep3_codoncounts.csv

2018-10-25 18:45:24,171 - INFO - Successful completion of dms2_bcsubamp
