2018-10-25 18:09:13,889 - INFO - Beginning execution of dms2_bcsubamp in directory /fh/fast/bloom_j/computational_notebooks/adingens/2018/EnfuvirtideResistance

2018-10-25 18:09:13,889 - INFO - Progress is being logged to ./results/codoncounts/mut-virus-rep3b-T20-8ug.log
2018-10-25 18:09:13,894 - INFO - Version information:
	Time and date: Thu Oct 25 18:09:13 2018
	Platform: Linux-3.13.0-143-generic-x86_64-with-debian-jessie-sid
	Python version: 3.6.5 |Anaconda, Inc.| (default, Apr 29 2018, 16:14:56)  [GCC 7.2.0]
	dms_tools2 version: 2.3.0
	Bio version: 1.72
	HTSeq version: 0.11.0
	pandas version: 0.23.4
	numpy version: 1.15.1
	IPython version: 6.5.0
	jupyter version: 1.0.0
	matplotlib version: 3.0.0
	plotnine version: 0.5.0
	natsort version: 5.4.1
	pystan version: 2.16.0.0
	scipy version: 1.1.0
	seaborn version: 0.9.0
	phydmslib version: 2.3.1
	statsmodels version: 0.9.0
	rpy2 version: 2.9.1
	regex version: 2.4.146
	umi_tools version unknown

2018-10-25 18:09:13,894 - INFO - Parsed the following arguments:
	outdir = ./results/codoncounts
	ncpus = -1
	use_existing = yes
	refseq = ./data/BG505.W6.C2.T332N_env.fasta
	alignspecs = ['87,375,39,36', '376,666,36,39', '663,954,33,41', '955,1228,33,37', '1228,1527,34,35', '1527,1815,32,39', '1816,2098,36,41']
	bclen = 8
	fastqdir = ./results/FASTQ_files/
	R2 = None
	R1trim = [200]
	R2trim = [170]
	bclen2 = None
	chartype = codon
	maxmuts = 4
	minq = 15
	minreads = 2
	minfraccall = 0.95
	minconcur = 0.75
	sitemask = None
	purgeread = 0
	purgebc = 0
	bcinfo = False
	name = mut-virus-rep3b-T20-8ug
	R1 = ['mut-virus-rep3b-T20-8ug_R1.fastq.gz']

2018-10-25 18:09:13,911 - INFO - Read refseq of 2583 codons from ./data/BG505.W6.C2.T332N_env.fasta
2018-10-25 18:09:13,912 - INFO - Reads are in these FASTQ pairs:
	./results/FASTQ_files/mut-virus-rep3b-T20-8ug_R1.fastq.gz and ./results/FASTQ_files/mut-virus-rep3b-T20-8ug_R2.fastq.gz

2018-10-25 18:09:13,913 - INFO - Now parsing read pairs...
2018-10-25 18:09:26,464 - INFO - Reads parsed so far: 500000
2018-10-25 18:09:39,905 - INFO - Reads parsed so far: 1000000
2018-10-25 18:09:53,171 - INFO - Reads parsed so far: 1500000
2018-10-25 18:10:06,564 - INFO - Reads parsed so far: 2000000
2018-10-25 18:10:18,295 - INFO - Reads parsed so far: 2500000
2018-10-25 18:10:31,016 - INFO - Reads parsed so far: 3000000
2018-10-25 18:10:43,258 - INFO - Reads parsed so far: 3500000
2018-10-25 18:10:55,257 - INFO - Reads parsed so far: 4000000
2018-10-25 18:10:59,237 - INFO - Parsed 4160262 reads, found 873460 unique barcodes.
2018-10-25 18:10:59,243 - INFO - Summary stats on reads:
total  fail filter  low Q barcode
4160262            0         421079
2018-10-25 18:10:59,243 - INFO - Writing these stats to ./results/codoncounts/mut-virus-rep3b-T20-8ug_readstats.csv

2018-10-25 18:10:59,574 - INFO - Number of reads per barcode:
                 number of barcodes
number of reads                    
1                            156554
2                             97770
3                            120121
4                            125659
5                            113837
6                             90650
7                             65929
8                             43641
9                             27114
10                            15201
11                             8254
12                             4325
13                             2204
14                             1108
15                              571
16                              251
17                              126
18                               80
19                               31
20                               14
21                               10
22                                3
24                                4
25                                2
26                                1
2018-10-25 18:10:59,574 - INFO - Writing these stats to ./results/codoncounts/mut-virus-rep3b-T20-8ug_readsperbc.csv

2018-10-25 18:10:59,580 - INFO - Examining the 873460 barcodes to build and align subamplicons...
2018-10-25 18:11:13,860 - INFO - Barcodes examined so far: 200000
2018-10-25 18:11:28,021 - INFO - Barcodes examined so far: 400000
2018-10-25 18:11:45,892 - INFO - Barcodes examined so far: 600000
2018-10-25 18:11:56,002 - INFO - Barcodes examined so far: 800000
2018-10-25 18:11:57,232 - INFO - Examined all barcodes. Summary stats:
total  too few reads  not alignable  aligned
873460         156554          55217   661689
2018-10-25 18:11:57,232 - INFO - Writing these stats to ./results/codoncounts/mut-virus-rep3b-T20-8ug_bcstats.csv

2018-10-25 18:11:57,261 - INFO - Writing the counts of each codon identity at each site to ./results/codoncounts/mut-virus-rep3b-T20-8ug_codoncounts.csv

2018-10-25 18:11:57,326 - INFO - Successful completion of dms2_bcsubamp
