2018-10-25 18:34:35,976 - INFO - Beginning execution of dms2_bcsubamp in directory /fh/fast/bloom_j/computational_notebooks/adingens/2018/EnfuvirtideResistance

2018-10-25 18:34:35,976 - INFO - Progress is being logged to ./results/codoncounts/mut-virus-rep3b.log
2018-10-25 18:34:35,985 - INFO - Version information:
	Time and date: Thu Oct 25 18:34:35 2018
	Platform: Linux-3.13.0-143-generic-x86_64-with-debian-jessie-sid
	Python version: 3.6.5 |Anaconda, Inc.| (default, Apr 29 2018, 16:14:56)  [GCC 7.2.0]
	dms_tools2 version: 2.3.0
	Bio version: 1.72
	HTSeq version: 0.11.0
	pandas version: 0.23.4
	numpy version: 1.15.1
	IPython version: 6.5.0
	jupyter version: 1.0.0
	matplotlib version: 3.0.0
	plotnine version: 0.5.0
	natsort version: 5.4.1
	pystan version: 2.16.0.0
	scipy version: 1.1.0
	seaborn version: 0.9.0
	phydmslib version: 2.3.1
	statsmodels version: 0.9.0
	rpy2 version: 2.9.1
	regex version: 2.4.146
	umi_tools version unknown

2018-10-25 18:34:35,985 - INFO - Parsed the following arguments:
	outdir = ./results/codoncounts
	ncpus = -1
	use_existing = yes
	refseq = ./data/BG505.W6.C2.T332N_env.fasta
	alignspecs = ['87,375,39,36', '376,666,36,39', '663,954,33,41', '955,1228,33,37', '1228,1527,34,35', '1527,1815,32,39', '1816,2098,36,41']
	bclen = 8
	fastqdir = ./results/FASTQ_files/
	R2 = None
	R1trim = [200]
	R2trim = [170]
	bclen2 = None
	chartype = codon
	maxmuts = 4
	minq = 15
	minreads = 2
	minfraccall = 0.95
	minconcur = 0.75
	sitemask = None
	purgeread = 0
	purgebc = 0
	bcinfo = False
	name = mut-virus-rep3b
	R1 = ['mut-virus-rep3b_R1.fastq.gz']

2018-10-25 18:34:36,100 - INFO - Read refseq of 2583 codons from ./data/BG505.W6.C2.T332N_env.fasta
2018-10-25 18:34:36,105 - INFO - Reads are in these FASTQ pairs:
	./results/FASTQ_files/mut-virus-rep3b_R1.fastq.gz and ./results/FASTQ_files/mut-virus-rep3b_R2.fastq.gz

2018-10-25 18:34:36,105 - INFO - Now parsing read pairs...
2018-10-25 18:34:48,131 - INFO - Reads parsed so far: 500000
2018-10-25 18:35:00,462 - INFO - Reads parsed so far: 1000000
2018-10-25 18:35:12,431 - INFO - Reads parsed so far: 1500000
2018-10-25 18:35:24,143 - INFO - Reads parsed so far: 2000000
2018-10-25 18:35:36,348 - INFO - Reads parsed so far: 2500000
2018-10-25 18:35:47,797 - INFO - Reads parsed so far: 3000000
2018-10-25 18:35:59,007 - INFO - Reads parsed so far: 3500000
2018-10-25 18:36:10,507 - INFO - Reads parsed so far: 4000000
2018-10-25 18:36:21,794 - INFO - Reads parsed so far: 4500000
2018-10-25 18:36:23,391 - INFO - Parsed 4571582 reads, found 1005555 unique barcodes.
2018-10-25 18:36:23,405 - INFO - Summary stats on reads:
total  fail filter  low Q barcode
4571582            0         525766
2018-10-25 18:36:23,405 - INFO - Writing these stats to ./results/codoncounts/mut-virus-rep3b_readstats.csv

2018-10-25 18:36:23,786 - INFO - Number of reads per barcode:
                 number of barcodes
number of reads                    
1                            206536
2                            115492
3                            141224
4                            146557
5                            131125
6                            101200
7                             69442
8                             43839
9                             24871
10                            13110
11                             6529
12                             3159
13                             1392
14                              611
15                              227
16                              135
17                               61
18                               26
19                               10
20                                3
21                                3
22                                3
2018-10-25 18:36:23,786 - INFO - Writing these stats to ./results/codoncounts/mut-virus-rep3b_readsperbc.csv

2018-10-25 18:36:23,795 - INFO - Examining the 1005555 barcodes to build and align subamplicons...
2018-10-25 18:36:36,535 - INFO - Barcodes examined so far: 200000
2018-10-25 18:36:49,297 - INFO - Barcodes examined so far: 400000
2018-10-25 18:37:00,914 - INFO - Barcodes examined so far: 600000
2018-10-25 18:37:10,902 - INFO - Barcodes examined so far: 800000
2018-10-25 18:37:16,381 - INFO - Barcodes examined so far: 1000000
2018-10-25 18:37:16,394 - INFO - Examined all barcodes. Summary stats:
total  too few reads  not alignable  aligned
1005555         206536          65998   733021
2018-10-25 18:37:16,394 - INFO - Writing these stats to ./results/codoncounts/mut-virus-rep3b_bcstats.csv

2018-10-25 18:37:16,418 - INFO - Writing the counts of each codon identity at each site to ./results/codoncounts/mut-virus-rep3b_codoncounts.csv

2018-10-25 18:37:16,469 - INFO - Successful completion of dms2_bcsubamp
