2018-10-25 18:34:20,889 - INFO - Beginning execution of dms2_batch_bcsubamp in directory /fh/fast/bloom_j/computational_notebooks/adingens/2018/EnfuvirtideResistance

2018-10-25 18:34:20,889 - INFO - Progress is being logged to ./results/codoncounts/summary.log
2018-10-25 18:34:20,917 - INFO - Version information:
	Time and date: Thu Oct 25 18:34:20 2018
	Platform: Linux-3.13.0-143-generic-x86_64-with-debian-jessie-sid
	Python version: 3.6.5 |Anaconda, Inc.| (default, Apr 29 2018, 16:14:56)  [GCC 7.2.0]
	dms_tools2 version: 2.3.0
	Bio version: 1.72
	HTSeq version: 0.11.0
	pandas version: 0.23.4
	numpy version: 1.15.1
	IPython version: 6.5.0
	jupyter version: 1.0.0
	matplotlib version: 3.0.0
	plotnine version: 0.5.0
	natsort version: 5.4.1
	pystan version: 2.16.0.0
	scipy version: 1.1.0
	seaborn version: 0.9.0
	phydmslib version: 2.3.1
	statsmodels version: 0.9.0
	rpy2 version: 2.9.1
	regex version: 2.4.146
	umi_tools version unknown

2018-10-25 18:34:20,918 - INFO - Parsed the following arguments:
	outdir = ./results/codoncounts
	ncpus = 14
	use_existing = yes
	refseq = ./data/BG505.W6.C2.T332N_env.fasta
	alignspecs = ['87,375,39,36', '376,666,36,39', '663,954,33,41', '955,1228,33,37', '1228,1527,34,35', '1527,1815,32,39', '1816,2098,36,41']
	bclen = 8
	fastqdir = ./results/FASTQ_files/
	R2 = None
	R1trim = [200]
	R2trim = [170]
	bclen2 = None
	chartype = codon
	maxmuts = 4
	minq = 15
	minreads = 2
	minfraccall = 0.95
	minconcur = 0.75
	sitemask = None
	purgeread = 0
	purgebc = 0
	bcinfo = False
	batchfile = ./results/codoncounts/batch.csv
	summaryprefix = summary

2018-10-25 18:34:20,926 - INFO - Parsing sample info from ./results/codoncounts/batch.csv
2018-10-25 18:34:20,961 - INFO - Read the following sample information:
name,R1
mut-virus-rep1b,mut-virus-rep1b_R1.fastq.gz
mut-virus-rep2b,mut-virus-rep2b_R1.fastq.gz
mut-virus-rep3b,mut-virus-rep3b_R1.fastq.gz
wt-virus-rep1b,wt-virus-rep1b_R1.fastq.gz
wt-virus-rep3b,wt-virus-rep3b_R1.fastq.gz
wt-virus-rep2b,wt-virus-rep2b_R1.fastq.gz
mut-DNA-rep2,mut-DNA-rep2_R1.fastq.gz
mut-DNA-rep1,mut-DNA-rep1_R1.fastq.gz
mut-DNA-rep3,mut-DNA-rep3_R1.fastq.gz
wt-DNA-rep2,wt-DNA-rep2_R1.fastq.gz
wt-DNA-rep1,wt-DNA-rep1_R1.fastq.gz
wt-DNA-rep3,wt-DNA-rep3_R1.fastq.gz
mut-virus-rep1b-T20-8ug,mut-virus-rep1b-T20-8ug_R1.fastq.gz
mut-virus-rep2b-T20-8ug,mut-virus-rep2b-T20-8ug_R1.fastq.gz
mut-virus-rep3b-T20-8ug,mut-virus-rep3b-T20-8ug_R1.fastq.gz


2018-10-25 18:34:20,961 - INFO - Running dms2_bcsubamp on all samples using 14 CPUs...
2018-10-25 18:46:40,986 - INFO - Completed runs of dms2_bcsubamp.

2018-10-25 18:46:41,046 - INFO - Plotting read stats to ./results/codoncounts/summary_readstats.pdf
2018-10-25 18:46:42,081 - INFO - Plotting barcode stats to ./results/codoncounts/summary_bcstats.pdf
2018-10-25 18:46:42,663 - INFO - Plotting reads per barcode to ./results/codoncounts/summary_readsperbc.pdf
2018-10-25 18:46:44,784 - INFO - Plotting count depth to ./results/codoncounts/summary_depth.pdf
2018-10-25 18:46:46,809 - INFO - Plotting mutation frequencies to ./results/codoncounts/summary_mutfreq.pdf
2018-10-25 18:47:02,066 - INFO - Plotting average frequencies of codon mutation types to ./results/codoncounts/summary_codonmuttypes.pdf, writing the data to ./results/codoncounts/summary_codonmuttypes.csv
2018-10-25 18:47:16,381 - INFO - Plotting average frequencies of nucleotide changes per codon mutation to ./results/codoncounts/summary_codonntchanges.pdf
2018-10-25 18:47:30,553 - INFO - Plotting frequencies of nucleotide changes in 1-nucleotide mutations to ./results/codoncounts/summary_singlentchanges.pdf
2018-10-25 18:47:44,785 - INFO - Plotting fraction of mutations seen less than some number of times to ./results/codoncounts/summary_cumulmutcounts.pdf
2018-10-25 18:47:58,912 - INFO - Successful completion of dms2_batch_bcsubamp
