2018-10-25 18:34:36,004 - INFO - Beginning execution of dms2_bcsubamp in directory /fh/fast/bloom_j/computational_notebooks/adingens/2018/EnfuvirtideResistance

2018-10-25 18:34:36,004 - INFO - Progress is being logged to ./results/codoncounts/wt-DNA-rep2.log
2018-10-25 18:34:36,012 - INFO - Version information:
	Time and date: Thu Oct 25 18:34:36 2018
	Platform: Linux-3.13.0-143-generic-x86_64-with-debian-jessie-sid
	Python version: 3.6.5 |Anaconda, Inc.| (default, Apr 29 2018, 16:14:56)  [GCC 7.2.0]
	dms_tools2 version: 2.3.0
	Bio version: 1.72
	HTSeq version: 0.11.0
	pandas version: 0.23.4
	numpy version: 1.15.1
	IPython version: 6.5.0
	jupyter version: 1.0.0
	matplotlib version: 3.0.0
	plotnine version: 0.5.0
	natsort version: 5.4.1
	pystan version: 2.16.0.0
	scipy version: 1.1.0
	seaborn version: 0.9.0
	phydmslib version: 2.3.1
	statsmodels version: 0.9.0
	rpy2 version: 2.9.1
	regex version: 2.4.146
	umi_tools version unknown

2018-10-25 18:34:36,013 - INFO - Parsed the following arguments:
	outdir = ./results/codoncounts
	ncpus = -1
	use_existing = yes
	refseq = ./data/BG505.W6.C2.T332N_env.fasta
	alignspecs = ['87,375,39,36', '376,666,36,39', '663,954,33,41', '955,1228,33,37', '1228,1527,34,35', '1527,1815,32,39', '1816,2098,36,41']
	bclen = 8
	fastqdir = ./results/FASTQ_files/
	R2 = None
	R1trim = [200]
	R2trim = [170]
	bclen2 = None
	chartype = codon
	maxmuts = 4
	minq = 15
	minreads = 2
	minfraccall = 0.95
	minconcur = 0.75
	sitemask = None
	purgeread = 0
	purgebc = 0
	bcinfo = False
	name = wt-DNA-rep2
	R1 = ['wt-DNA-rep2_R1.fastq.gz']

2018-10-25 18:34:36,099 - INFO - Read refseq of 2583 codons from ./data/BG505.W6.C2.T332N_env.fasta
2018-10-25 18:34:36,102 - INFO - Reads are in these FASTQ pairs:
	./results/FASTQ_files/wt-DNA-rep2_R1.fastq.gz and ./results/FASTQ_files/wt-DNA-rep2_R2.fastq.gz

2018-10-25 18:34:36,102 - INFO - Now parsing read pairs...
2018-10-25 18:34:48,087 - INFO - Reads parsed so far: 500000
2018-10-25 18:35:00,333 - INFO - Reads parsed so far: 1000000
2018-10-25 18:35:11,633 - INFO - Reads parsed so far: 1500000
2018-10-25 18:35:23,104 - INFO - Reads parsed so far: 2000000
2018-10-25 18:35:34,710 - INFO - Reads parsed so far: 2500000
2018-10-25 18:35:46,845 - INFO - Reads parsed so far: 3000000
2018-10-25 18:35:59,187 - INFO - Reads parsed so far: 3500000
2018-10-25 18:36:10,115 - INFO - Reads parsed so far: 4000000
2018-10-25 18:36:22,850 - INFO - Reads parsed so far: 4500000
2018-10-25 18:36:33,563 - INFO - Reads parsed so far: 5000000
2018-10-25 18:36:44,271 - INFO - Reads parsed so far: 5500000
2018-10-25 18:36:57,309 - INFO - Reads parsed so far: 6000000
2018-10-25 18:37:08,104 - INFO - Reads parsed so far: 6500000
2018-10-25 18:37:18,935 - INFO - Reads parsed so far: 7000000
2018-10-25 18:37:29,643 - INFO - Reads parsed so far: 7500000
2018-10-25 18:37:43,476 - INFO - Reads parsed so far: 8000000
2018-10-25 18:37:54,263 - INFO - Reads parsed so far: 8500000
2018-10-25 18:38:05,385 - INFO - Reads parsed so far: 9000000
2018-10-25 18:38:16,167 - INFO - Reads parsed so far: 9500000
2018-10-25 18:38:26,914 - INFO - Reads parsed so far: 10000000
2018-10-25 18:38:37,716 - INFO - Reads parsed so far: 10500000
2018-10-25 18:38:52,829 - INFO - Reads parsed so far: 11000000
2018-10-25 18:39:03,724 - INFO - Reads parsed so far: 11500000
2018-10-25 18:39:14,595 - INFO - Reads parsed so far: 12000000
2018-10-25 18:39:25,490 - INFO - Reads parsed so far: 12500000
2018-10-25 18:39:36,616 - INFO - Reads parsed so far: 13000000
2018-10-25 18:39:48,039 - INFO - Reads parsed so far: 13500000
2018-10-25 18:39:59,272 - INFO - Reads parsed so far: 14000000
2018-10-25 18:40:10,391 - INFO - Reads parsed so far: 14500000
2018-10-25 18:40:21,468 - INFO - Reads parsed so far: 15000000
2018-10-25 18:40:32,595 - INFO - Reads parsed so far: 15500000
2018-10-25 18:40:50,448 - INFO - Reads parsed so far: 16000000
2018-10-25 18:41:01,816 - INFO - Reads parsed so far: 16500000
2018-10-25 18:41:13,023 - INFO - Reads parsed so far: 17000000
2018-10-25 18:41:24,212 - INFO - Reads parsed so far: 17500000
2018-10-25 18:41:35,325 - INFO - Reads parsed so far: 18000000
2018-10-25 18:41:41,467 - INFO - Parsed 18275799 reads, found 8849223 unique barcodes.
2018-10-25 18:41:41,473 - INFO - Summary stats on reads:
total  fail filter  low Q barcode
18275799            0        2023746
2018-10-25 18:41:41,473 - INFO - Writing these stats to ./results/codoncounts/wt-DNA-rep2_readstats.csv

2018-10-25 18:41:43,982 - INFO - Number of reads per barcode:
                 number of barcodes
number of reads                    
1                           5097441
2                           1703062
3                           1077936
4                            565766
5                            253866
6                             99488
7                             35143
8                             11504
9                              3577
10                             1010
11                              313
12                               77
13                               29
14                                7
15                                3
145                               1
2018-10-25 18:41:43,982 - INFO - Writing these stats to ./results/codoncounts/wt-DNA-rep2_readsperbc.csv

2018-10-25 18:41:43,988 - INFO - Examining the 8849223 barcodes to build and align subamplicons...
2018-10-25 18:41:52,313 - INFO - Barcodes examined so far: 200000
2018-10-25 18:42:00,421 - INFO - Barcodes examined so far: 400000
2018-10-25 18:42:08,417 - INFO - Barcodes examined so far: 600000
2018-10-25 18:42:16,261 - INFO - Barcodes examined so far: 800000
2018-10-25 18:42:23,926 - INFO - Barcodes examined so far: 1000000
2018-10-25 18:42:31,626 - INFO - Barcodes examined so far: 1200000
2018-10-25 18:42:39,308 - INFO - Barcodes examined so far: 1400000
2018-10-25 18:42:46,799 - INFO - Barcodes examined so far: 1600000
2018-10-25 18:42:53,923 - INFO - Barcodes examined so far: 1800000
2018-10-25 18:43:01,149 - INFO - Barcodes examined so far: 2000000
2018-10-25 18:43:08,289 - INFO - Barcodes examined so far: 2200000
2018-10-25 18:43:15,254 - INFO - Barcodes examined so far: 2400000
2018-10-25 18:43:22,056 - INFO - Barcodes examined so far: 2600000
2018-10-25 18:43:28,697 - INFO - Barcodes examined so far: 2800000
2018-10-25 18:43:35,171 - INFO - Barcodes examined so far: 3000000
2018-10-25 18:43:41,394 - INFO - Barcodes examined so far: 3200000
2018-10-25 18:43:47,525 - INFO - Barcodes examined so far: 3400000
2018-10-25 18:43:53,741 - INFO - Barcodes examined so far: 3600000
2018-10-25 18:43:59,825 - INFO - Barcodes examined so far: 3800000
2018-10-25 18:44:05,737 - INFO - Barcodes examined so far: 4000000
2018-10-25 18:44:11,610 - INFO - Barcodes examined so far: 4200000
2018-10-25 18:44:17,272 - INFO - Barcodes examined so far: 4400000
2018-10-25 18:44:22,591 - INFO - Barcodes examined so far: 4600000
2018-10-25 18:44:27,870 - INFO - Barcodes examined so far: 4800000
2018-10-25 18:44:32,923 - INFO - Barcodes examined so far: 5000000
2018-10-25 18:44:37,682 - INFO - Barcodes examined so far: 5200000
2018-10-25 18:44:42,254 - INFO - Barcodes examined so far: 5400000
2018-10-25 18:44:46,549 - INFO - Barcodes examined so far: 5600000
2018-10-25 18:44:50,516 - INFO - Barcodes examined so far: 5800000
2018-10-25 18:44:54,324 - INFO - Barcodes examined so far: 6000000
2018-10-25 18:44:57,915 - INFO - Barcodes examined so far: 6200000
2018-10-25 18:45:01,270 - INFO - Barcodes examined so far: 6400000
2018-10-25 18:45:04,295 - INFO - Barcodes examined so far: 6600000
2018-10-25 18:45:07,219 - INFO - Barcodes examined so far: 6800000
2018-10-25 18:45:09,851 - INFO - Barcodes examined so far: 7000000
2018-10-25 18:45:12,238 - INFO - Barcodes examined so far: 7200000
2018-10-25 18:45:14,322 - INFO - Barcodes examined so far: 7400000
2018-10-25 18:45:16,269 - INFO - Barcodes examined so far: 7600000
2018-10-25 18:45:17,922 - INFO - Barcodes examined so far: 7800000
2018-10-25 18:45:19,346 - INFO - Barcodes examined so far: 8000000
2018-10-25 18:45:20,459 - INFO - Barcodes examined so far: 8200000
2018-10-25 18:45:21,319 - INFO - Barcodes examined so far: 8400000
2018-10-25 18:45:21,907 - INFO - Barcodes examined so far: 8600000
2018-10-25 18:45:22,206 - INFO - Barcodes examined so far: 8800000
2018-10-25 18:45:22,242 - INFO - Examined all barcodes. Summary stats:
total  too few reads  not alignable  aligned
8849223        5097441        1449987  2301795
2018-10-25 18:45:22,242 - INFO - Writing these stats to ./results/codoncounts/wt-DNA-rep2_bcstats.csv

2018-10-25 18:45:22,262 - INFO - Writing the counts of each codon identity at each site to ./results/codoncounts/wt-DNA-rep2_codoncounts.csv

2018-10-25 18:45:22,314 - INFO - Successful completion of dms2_bcsubamp
