2018-10-25 18:34:35,985 - INFO - Beginning execution of dms2_bcsubamp in directory /fh/fast/bloom_j/computational_notebooks/adingens/2018/EnfuvirtideResistance

2018-10-25 18:34:35,985 - INFO - Progress is being logged to ./results/codoncounts/wt-DNA-rep1.log
2018-10-25 18:34:35,994 - INFO - Version information:
	Time and date: Thu Oct 25 18:34:35 2018
	Platform: Linux-3.13.0-143-generic-x86_64-with-debian-jessie-sid
	Python version: 3.6.5 |Anaconda, Inc.| (default, Apr 29 2018, 16:14:56)  [GCC 7.2.0]
	dms_tools2 version: 2.3.0
	Bio version: 1.72
	HTSeq version: 0.11.0
	pandas version: 0.23.4
	numpy version: 1.15.1
	IPython version: 6.5.0
	jupyter version: 1.0.0
	matplotlib version: 3.0.0
	plotnine version: 0.5.0
	natsort version: 5.4.1
	pystan version: 2.16.0.0
	scipy version: 1.1.0
	seaborn version: 0.9.0
	phydmslib version: 2.3.1
	statsmodels version: 0.9.0
	rpy2 version: 2.9.1
	regex version: 2.4.146
	umi_tools version unknown

2018-10-25 18:34:35,994 - INFO - Parsed the following arguments:
	outdir = ./results/codoncounts
	ncpus = -1
	use_existing = yes
	refseq = ./data/BG505.W6.C2.T332N_env.fasta
	alignspecs = ['87,375,39,36', '376,666,36,39', '663,954,33,41', '955,1228,33,37', '1228,1527,34,35', '1527,1815,32,39', '1816,2098,36,41']
	bclen = 8
	fastqdir = ./results/FASTQ_files/
	R2 = None
	R1trim = [200]
	R2trim = [170]
	bclen2 = None
	chartype = codon
	maxmuts = 4
	minq = 15
	minreads = 2
	minfraccall = 0.95
	minconcur = 0.75
	sitemask = None
	purgeread = 0
	purgebc = 0
	bcinfo = False
	name = wt-DNA-rep1
	R1 = ['wt-DNA-rep1_R1.fastq.gz']

2018-10-25 18:34:36,104 - INFO - Read refseq of 2583 codons from ./data/BG505.W6.C2.T332N_env.fasta
2018-10-25 18:34:36,109 - INFO - Reads are in these FASTQ pairs:
	./results/FASTQ_files/wt-DNA-rep1_R1.fastq.gz and ./results/FASTQ_files/wt-DNA-rep1_R2.fastq.gz

2018-10-25 18:34:36,110 - INFO - Now parsing read pairs...
2018-10-25 18:34:47,912 - INFO - Reads parsed so far: 500000
2018-10-25 18:34:59,598 - INFO - Reads parsed so far: 1000000
2018-10-25 18:35:10,713 - INFO - Reads parsed so far: 1500000
2018-10-25 18:35:22,083 - INFO - Reads parsed so far: 2000000
2018-10-25 18:35:33,542 - INFO - Reads parsed so far: 2500000
2018-10-25 18:35:45,103 - INFO - Reads parsed so far: 3000000
2018-10-25 18:35:57,132 - INFO - Reads parsed so far: 3500000
2018-10-25 18:36:08,030 - INFO - Reads parsed so far: 4000000
2018-10-25 18:36:21,121 - INFO - Reads parsed so far: 4500000
2018-10-25 18:36:32,215 - INFO - Reads parsed so far: 5000000
2018-10-25 18:36:43,045 - INFO - Reads parsed so far: 5500000
2018-10-25 18:36:56,494 - INFO - Reads parsed so far: 6000000
2018-10-25 18:37:07,624 - INFO - Reads parsed so far: 6500000
2018-10-25 18:37:18,818 - INFO - Reads parsed so far: 7000000
2018-10-25 18:37:29,868 - INFO - Reads parsed so far: 7500000
2018-10-25 18:37:44,255 - INFO - Reads parsed so far: 8000000
2018-10-25 18:37:55,558 - INFO - Reads parsed so far: 8500000
2018-10-25 18:38:07,207 - INFO - Reads parsed so far: 9000000
2018-10-25 18:38:19,043 - INFO - Reads parsed so far: 9500000
2018-10-25 18:38:30,474 - INFO - Reads parsed so far: 10000000
2018-10-25 18:38:41,495 - INFO - Reads parsed so far: 10500000
2018-10-25 18:38:52,468 - INFO - Reads parsed so far: 11000000
2018-10-25 18:39:08,069 - INFO - Reads parsed so far: 11500000
2018-10-25 18:39:19,043 - INFO - Reads parsed so far: 12000000
2018-10-25 18:39:30,290 - INFO - Reads parsed so far: 12500000
2018-10-25 18:39:41,454 - INFO - Reads parsed so far: 13000000
2018-10-25 18:39:52,544 - INFO - Reads parsed so far: 13500000
2018-10-25 18:40:03,787 - INFO - Reads parsed so far: 14000000
2018-10-25 18:40:15,002 - INFO - Reads parsed so far: 14500000
2018-10-25 18:40:26,267 - INFO - Reads parsed so far: 15000000
2018-10-25 18:40:37,350 - INFO - Reads parsed so far: 15500000
2018-10-25 18:40:48,399 - INFO - Reads parsed so far: 16000000
2018-10-25 18:41:05,622 - INFO - Reads parsed so far: 16500000
2018-10-25 18:41:16,714 - INFO - Reads parsed so far: 17000000
2018-10-25 18:41:27,853 - INFO - Reads parsed so far: 17500000
2018-10-25 18:41:39,099 - INFO - Reads parsed so far: 18000000
2018-10-25 18:41:50,392 - INFO - Reads parsed so far: 18500000
2018-10-25 18:42:01,597 - INFO - Reads parsed so far: 19000000
2018-10-25 18:42:12,774 - INFO - Reads parsed so far: 19500000
2018-10-25 18:42:23,901 - INFO - Reads parsed so far: 20000000
2018-10-25 18:42:27,192 - INFO - Parsed 20148353 reads, found 9169534 unique barcodes.
2018-10-25 18:42:27,205 - INFO - Summary stats on reads:
total  fail filter  low Q barcode
20148353            0        2192947
2018-10-25 18:42:27,206 - INFO - Writing these stats to ./results/codoncounts/wt-DNA-rep1_readstats.csv

2018-10-25 18:42:29,916 - INFO - Number of reads per barcode:
                 number of barcodes
number of reads                    
1                           5101580
2                           1627533
3                           1156418
4                            685904
5                            348041
6                            154697
7                             61752
8                             22508
9                              7550
10                             2426
11                              771
12                              250
13                               71
14                               25
15                                3
16                                1
17                                1
18                                2
97                                1
2018-10-25 18:42:29,916 - INFO - Writing these stats to ./results/codoncounts/wt-DNA-rep1_readsperbc.csv

2018-10-25 18:42:29,921 - INFO - Examining the 9169534 barcodes to build and align subamplicons...
2018-10-25 18:42:38,917 - INFO - Barcodes examined so far: 200000
2018-10-25 18:42:47,751 - INFO - Barcodes examined so far: 400000
2018-10-25 18:42:56,451 - INFO - Barcodes examined so far: 600000
2018-10-25 18:43:04,996 - INFO - Barcodes examined so far: 800000
2018-10-25 18:43:13,392 - INFO - Barcodes examined so far: 1000000
2018-10-25 18:43:21,565 - INFO - Barcodes examined so far: 1200000
2018-10-25 18:43:29,629 - INFO - Barcodes examined so far: 1400000
2018-10-25 18:43:37,538 - INFO - Barcodes examined so far: 1600000
2018-10-25 18:43:45,262 - INFO - Barcodes examined so far: 1800000
2018-10-25 18:43:52,737 - INFO - Barcodes examined so far: 2000000
2018-10-25 18:44:00,273 - INFO - Barcodes examined so far: 2200000
2018-10-25 18:44:07,668 - INFO - Barcodes examined so far: 2400000
2018-10-25 18:44:14,950 - INFO - Barcodes examined so far: 2600000
2018-10-25 18:44:22,095 - INFO - Barcodes examined so far: 2800000
2018-10-25 18:44:29,065 - INFO - Barcodes examined so far: 3000000
2018-10-25 18:44:35,897 - INFO - Barcodes examined so far: 3200000
2018-10-25 18:44:42,416 - INFO - Barcodes examined so far: 3400000
2018-10-25 18:44:48,777 - INFO - Barcodes examined so far: 3600000
2018-10-25 18:44:55,166 - INFO - Barcodes examined so far: 3800000
2018-10-25 18:45:01,413 - INFO - Barcodes examined so far: 4000000
2018-10-25 18:45:07,521 - INFO - Barcodes examined so far: 4200000
2018-10-25 18:45:13,496 - INFO - Barcodes examined so far: 4400000
2018-10-25 18:45:19,245 - INFO - Barcodes examined so far: 4600000
2018-10-25 18:45:24,741 - INFO - Barcodes examined so far: 4800000
2018-10-25 18:45:30,117 - INFO - Barcodes examined so far: 5000000
2018-10-25 18:45:35,310 - INFO - Barcodes examined so far: 5200000
2018-10-25 18:45:40,031 - INFO - Barcodes examined so far: 5400000
2018-10-25 18:45:44,586 - INFO - Barcodes examined so far: 5600000
2018-10-25 18:45:49,011 - INFO - Barcodes examined so far: 5800000
2018-10-25 18:45:53,130 - INFO - Barcodes examined so far: 6000000
2018-10-25 18:45:57,087 - INFO - Barcodes examined so far: 6200000
2018-10-25 18:46:00,755 - INFO - Barcodes examined so far: 6400000
2018-10-25 18:46:04,185 - INFO - Barcodes examined so far: 6600000
2018-10-25 18:46:07,333 - INFO - Barcodes examined so far: 6800000
2018-10-25 18:46:10,258 - INFO - Barcodes examined so far: 7000000
2018-10-25 18:46:13,036 - INFO - Barcodes examined so far: 7200000
2018-10-25 18:46:15,503 - INFO - Barcodes examined so far: 7400000
2018-10-25 18:46:17,735 - INFO - Barcodes examined so far: 7600000
2018-10-25 18:46:19,666 - INFO - Barcodes examined so far: 7800000
2018-10-25 18:46:21,412 - INFO - Barcodes examined so far: 8000000
2018-10-25 18:46:22,921 - INFO - Barcodes examined so far: 8200000
2018-10-25 18:46:24,131 - INFO - Barcodes examined so far: 8400000
2018-10-25 18:46:25,069 - INFO - Barcodes examined so far: 8600000
2018-10-25 18:46:25,762 - INFO - Barcodes examined so far: 8800000
2018-10-25 18:46:26,198 - INFO - Barcodes examined so far: 9000000
2018-10-25 18:46:26,380 - INFO - Examined all barcodes. Summary stats:
total  too few reads  not alignable  aligned
9169534        5101580        1406738  2661216
2018-10-25 18:46:26,380 - INFO - Writing these stats to ./results/codoncounts/wt-DNA-rep1_bcstats.csv

2018-10-25 18:46:26,417 - INFO - Writing the counts of each codon identity at each site to ./results/codoncounts/wt-DNA-rep1_codoncounts.csv

2018-10-25 18:46:26,476 - INFO - Successful completion of dms2_bcsubamp
