2018-10-25 18:34:35,921 - INFO - Beginning execution of dms2_bcsubamp in directory /fh/fast/bloom_j/computational_notebooks/adingens/2018/EnfuvirtideResistance

2018-10-25 18:34:35,921 - INFO - Progress is being logged to ./results/codoncounts/wt-virus-rep1b.log
2018-10-25 18:34:35,936 - INFO - Version information:
	Time and date: Thu Oct 25 18:34:35 2018
	Platform: Linux-3.13.0-143-generic-x86_64-with-debian-jessie-sid
	Python version: 3.6.5 |Anaconda, Inc.| (default, Apr 29 2018, 16:14:56)  [GCC 7.2.0]
	dms_tools2 version: 2.3.0
	Bio version: 1.72
	HTSeq version: 0.11.0
	pandas version: 0.23.4
	numpy version: 1.15.1
	IPython version: 6.5.0
	jupyter version: 1.0.0
	matplotlib version: 3.0.0
	plotnine version: 0.5.0
	natsort version: 5.4.1
	pystan version: 2.16.0.0
	scipy version: 1.1.0
	seaborn version: 0.9.0
	phydmslib version: 2.3.1
	statsmodels version: 0.9.0
	rpy2 version: 2.9.1
	regex version: 2.4.146
	umi_tools version unknown

2018-10-25 18:34:35,936 - INFO - Parsed the following arguments:
	outdir = ./results/codoncounts
	ncpus = -1
	use_existing = yes
	refseq = ./data/BG505.W6.C2.T332N_env.fasta
	alignspecs = ['87,375,39,36', '376,666,36,39', '663,954,33,41', '955,1228,33,37', '1228,1527,34,35', '1527,1815,32,39', '1816,2098,36,41']
	bclen = 8
	fastqdir = ./results/FASTQ_files/
	R2 = None
	R1trim = [200]
	R2trim = [170]
	bclen2 = None
	chartype = codon
	maxmuts = 4
	minq = 15
	minreads = 2
	minfraccall = 0.95
	minconcur = 0.75
	sitemask = None
	purgeread = 0
	purgebc = 0
	bcinfo = False
	name = wt-virus-rep1b
	R1 = ['wt-virus-rep1b_R1.fastq.gz']

2018-10-25 18:34:36,100 - INFO - Read refseq of 2583 codons from ./data/BG505.W6.C2.T332N_env.fasta
2018-10-25 18:34:36,103 - INFO - Reads are in these FASTQ pairs:
	./results/FASTQ_files/wt-virus-rep1b_R1.fastq.gz and ./results/FASTQ_files/wt-virus-rep1b_R2.fastq.gz

2018-10-25 18:34:36,103 - INFO - Now parsing read pairs...
2018-10-25 18:34:47,587 - INFO - Reads parsed so far: 500000
2018-10-25 18:34:58,192 - INFO - Reads parsed so far: 1000000
2018-10-25 18:35:08,860 - INFO - Reads parsed so far: 1500000
2018-10-25 18:35:19,108 - INFO - Reads parsed so far: 2000000
2018-10-25 18:35:30,019 - INFO - Reads parsed so far: 2500000
2018-10-25 18:35:40,322 - INFO - Reads parsed so far: 3000000
2018-10-25 18:35:50,551 - INFO - Reads parsed so far: 3500000
2018-10-25 18:36:00,782 - INFO - Reads parsed so far: 4000000
2018-10-25 18:36:11,073 - INFO - Reads parsed so far: 4500000
2018-10-25 18:36:21,371 - INFO - Reads parsed so far: 5000000
2018-10-25 18:36:26,729 - INFO - Parsed 5261125 reads, found 777768 unique barcodes.
2018-10-25 18:36:26,735 - INFO - Summary stats on reads:
total  fail filter  low Q barcode
5261125            0         572994
2018-10-25 18:36:26,735 - INFO - Writing these stats to ./results/codoncounts/wt-virus-rep1b_readstats.csv

2018-10-25 18:36:27,017 - INFO - Number of reads per barcode:
                 number of barcodes
number of reads                    
1                            150842
2                             36355
3                             48374
4                             61130
5                             69992
6                             73028
7                             70806
8                             64359
9                             54530
10                            43241
11                            33583
12                            23972
13                            17196
14                            11437
15                             7418
16                             4659
17                             2805
18                             1677
19                              966
20                              564
21                              307
22                              183
23                              111
24                               84
25                               48
26                               41
27                               23
28                               11
29                                9
30                                4
31                                1
32                                4
33                                3
34                                2
36                                2
37                                1
2018-10-25 18:36:27,017 - INFO - Writing these stats to ./results/codoncounts/wt-virus-rep1b_readsperbc.csv

2018-10-25 18:36:27,022 - INFO - Examining the 777768 barcodes to build and align subamplicons...
2018-10-25 18:36:40,949 - INFO - Barcodes examined so far: 200000
2018-10-25 18:36:53,989 - INFO - Barcodes examined so far: 400000
2018-10-25 18:37:05,865 - INFO - Barcodes examined so far: 600000
2018-10-25 18:37:10,732 - INFO - Examined all barcodes. Summary stats:
total  too few reads  not alignable  aligned
777768         150842          43566   583360
2018-10-25 18:37:10,732 - INFO - Writing these stats to ./results/codoncounts/wt-virus-rep1b_bcstats.csv

2018-10-25 18:37:10,755 - INFO - Writing the counts of each codon identity at each site to ./results/codoncounts/wt-virus-rep1b_codoncounts.csv

2018-10-25 18:37:10,804 - INFO - Successful completion of dms2_bcsubamp
