2018-10-25 18:49:17,557 - INFO - Beginning execution of dms2_logoplot in directory /fh/fast/bloom_j/computational_notebooks/adingens/2018/EnfuvirtideResistance

2018-10-25 18:49:17,557 - INFO - Progress is being logged to ./results/diffsel/wtDNA_ctrl/T20-8ug-mean.log
2018-10-25 18:49:17,560 - INFO - Version information:
	Time and date: Thu Oct 25 18:49:17 2018
	Platform: Linux-3.13.0-143-generic-x86_64-with-debian-jessie-sid
	Python version: 3.6.5 |Anaconda, Inc.| (default, Apr 29 2018, 16:14:56)  [GCC 7.2.0]
	dms_tools2 version: 2.3.0
	Bio version: 1.72
	HTSeq version: 0.11.0
	pandas version: 0.23.4
	numpy version: 1.15.1
	IPython version: 6.5.0
	jupyter version: 1.0.0
	matplotlib version: 3.0.0
	plotnine version: 0.5.0
	natsort version: 5.4.1
	pystan version: 2.16.0.0
	scipy version: 1.1.0
	seaborn version: 0.9.0
	phydmslib version: 2.3.1
	statsmodels version: 0.9.0
	rpy2 version: 2.9.1
	regex version: 2.4.146
	umi_tools version unknown

2018-10-25 18:49:17,560 - INFO - Parsed the following arguments:
	outdir = ./results/diffsel/wtDNA_ctrl
	ncpus = -1
	use_existing = yes
	prefs = None
	diffsel = ./results/diffsel/wtDNA_ctrl/summary_T20-8ug-meanmutdiffsel.csv
	fracsurvive = None
	diffprefs = None
	name = T20-8ug-mean
	nperline = 84
	numberevery = 10
	excludestop = no
	stringency = 1
	restrictdiffsel = positive
	diffselrange = None
	fracsurvivemax = None
	sortsites = yes
	mapmetric = functionalgroup
	colormap = jet
	overlay1 = ['./results/diffsel/wtDNA_ctrl/summary_T20-8ug-meanmutdiffsel.csv', 'wildtype', 'wildtype']
	overlay2 = None
	overlay3 = None
	underlay = yes
	scalebar = ['10', 'differential selection = 10']
	overlaycolormap = jet
	letterheight = 1
	ignore_extracols = no
	sepline = no

2018-10-25 18:49:17,562 - INFO - Reading diffsel from file ./results/diffsel/wtDNA_ctrl/summary_T20-8ug-meanmutdiffsel.csv...
2018-10-25 18:49:17,587 - INFO - Read data for 670 sites.

2018-10-25 18:49:17,622 - INFO - Reading overlay for wildtype from ./results/diffsel/wtDNA_ctrl/summary_T20-8ug-meanmutdiffsel.csv...
2018-10-25 18:49:17,680 - INFO - Read overlay for 670 sites.

2018-10-25 18:49:17,680 - INFO - Making logo plot ./results/diffsel/wtDNA_ctrl/T20-8ug-mean_diffsel.pdf...
2018-10-25 18:49:23,969 - INFO - Successfully created logo plot.

2018-10-25 18:49:23,970 - INFO - Successful completion of dms2_logoplot
