2018-10-26 09:54:12,460 - INFO - Beginning execution of dms2_logoplot in directory /fh/fast/bloom_j/computational_notebooks/adingens/2018/EnfuvirtideResistance

2018-10-26 09:54:12,461 - INFO - Progress is being logged to ./results/diffsel/wtDNA_ctrl/T20-8ug-median.log
2018-10-26 09:54:12,468 - INFO - Version information:
	Time and date: Fri Oct 26 09:54:12 2018
	Platform: Linux-3.13.0-143-generic-x86_64-with-debian-jessie-sid
	Python version: 3.6.5 |Anaconda, Inc.| (default, Apr 29 2018, 16:14:56)  [GCC 7.2.0]
	dms_tools2 version: 2.3.0
	Bio version: 1.72
	HTSeq version: 0.11.0
	pandas version: 0.23.4
	numpy version: 1.15.1
	IPython version: 6.5.0
	jupyter version: 1.0.0
	matplotlib version: 3.0.0
	plotnine version: 0.5.0
	natsort version: 5.4.1
	pystan version: 2.16.0.0
	scipy version: 1.1.0
	seaborn version: 0.9.0
	phydmslib version: 2.3.1
	statsmodels version: 0.9.0
	rpy2 version: 2.9.1
	regex version: 2.4.146
	umi_tools version unknown

2018-10-26 09:54:12,468 - INFO - Parsed the following arguments:
	outdir = ./results/diffsel/wtDNA_ctrl
	ncpus = -1
	use_existing = no
	prefs = None
	diffsel = ./results/diffsel/wtDNA_ctrl/summary_T20-8ug-medianmutdiffsel.csv
	fracsurvive = None
	diffprefs = None
	name = T20-8ug-median
	nperline = 84
	numberevery = 10
	excludestop = no
	stringency = 1
	restrictdiffsel = positive
	diffselrange = None
	fracsurvivemax = None
	sortsites = yes
	mapmetric = functionalgroup
	colormap = jet
	overlay1 = ['./results/diffsel/wtDNA_ctrl/summary_T20-8ug-medianmutdiffsel.csv', 'wildtype', 'wildtype']
	overlay2 = None
	overlay3 = None
	underlay = yes
	scalebar = ['10', 'differential selection = 10']
	overlaycolormap = jet
	letterheight = 1
	ignore_extracols = no
	sepline = no

2018-10-26 09:54:12,470 - INFO - Removing existing file ./results/diffsel/wtDNA_ctrl/T20-8ug-median_diffsel.pdf
2018-10-26 09:54:12,475 - INFO - Reading diffsel from file ./results/diffsel/wtDNA_ctrl/summary_T20-8ug-medianmutdiffsel.csv...
2018-10-26 09:54:12,521 - INFO - Read data for 670 sites.

2018-10-26 09:54:12,575 - INFO - Reading overlay for wildtype from ./results/diffsel/wtDNA_ctrl/summary_T20-8ug-medianmutdiffsel.csv...
2018-10-26 09:54:12,661 - INFO - Read overlay for 670 sites.

2018-10-26 09:54:12,661 - INFO - Making logo plot ./results/diffsel/wtDNA_ctrl/T20-8ug-median_diffsel.pdf...
2018-10-26 09:54:19,413 - INFO - Successfully created logo plot.

2018-10-26 09:54:19,414 - INFO - Successful completion of dms2_logoplot
