2018-10-25 18:48:29,490 - INFO - Beginning execution of dms2_diffsel in directory /fh/fast/bloom_j/computational_notebooks/adingens/2018/EnfuvirtideResistance

2018-10-25 18:48:29,490 - INFO - Progress is being logged to ./results/diffsel/wtDNA_ctrl/T20-8ug-rep3b.log
2018-10-25 18:48:29,496 - INFO - Version information:
	Time and date: Thu Oct 25 18:48:29 2018
	Platform: Linux-3.13.0-143-generic-x86_64-with-debian-jessie-sid
	Python version: 3.6.5 |Anaconda, Inc.| (default, Apr 29 2018, 16:14:56)  [GCC 7.2.0]
	dms_tools2 version: 2.3.0
	Bio version: 1.72
	HTSeq version: 0.11.0
	pandas version: 0.23.4
	numpy version: 1.15.1
	IPython version: 6.5.0
	jupyter version: 1.0.0
	matplotlib version: 3.0.0
	plotnine version: 0.5.0
	natsort version: 5.4.1
	pystan version: 2.16.0.0
	scipy version: 1.1.0
	seaborn version: 0.9.0
	phydmslib version: 2.3.1
	statsmodels version: 0.9.0
	rpy2 version: 2.9.1
	regex version: 2.4.146
	umi_tools version unknown

2018-10-25 18:48:29,496 - INFO - Parsed the following arguments:
	outdir = ./results/diffsel/wtDNA_ctrl
	ncpus = 5
	use_existing = yes
	indir = ./results/renumberedcounts
	chartype = codon_to_aa
	excludestop = yes
	pseudocount = 5.0
	mincount = 0
	name = T20-8ug-rep3b
	sel = mut-virus-rep3b-T20-8ug
	mock = mut-virus-rep3b
	err = wt-DNA-rep3

2018-10-25 18:48:29,499 - INFO - Reading selected sample counts from mut-virus-rep3b-T20-8ug
2018-10-25 18:48:29,526 - INFO - Reading mock-selected sample counts from mut-virus-rep3b
2018-10-25 18:48:29,535 - INFO - Reading error-control sample counts from wt-DNA-rep3
2018-10-25 18:48:29,544 - INFO - Computing mutdiffsel...
2018-10-25 18:48:32,753 - INFO - Mutations with largest mutdiffsel:
site wildtype mutation  mutdiffsel
552        Q        R        5.93
551        Q        K        5.59
552        Q        K        4.10
551        Q        R        3.79
548        I        Y        3.53
117        K        F        3.48
 61        Y        C        3.43
556        L        R        3.35
 76        P        Y        3.27
207        K        Q        3.27

2018-10-25 18:48:32,754 - INFO - Writing to ./results/diffsel/wtDNA_ctrl/T20-8ug-rep3b_mutdiffsel.csv
2018-10-25 18:48:32,794 - INFO - Computing sitediffsel...
2018-10-25 18:48:32,815 - INFO - Sites with largest absolute sitediffsel:
site  abs_diffsel  positive_diffsel  negative_diffsel  max_diffsel  min_diffsel
551        33.45             31.47             -1.99         5.59        -0.79
548        28.80             26.37             -2.43         3.53        -1.32
110        27.78              7.97            -19.81         2.48        -3.06
106        27.45              5.69            -21.76         2.04        -2.89
 80        27.03             11.13            -15.89         2.30        -2.63
 85        26.19              9.54            -16.64         2.05        -2.97
112        24.72              8.63            -16.10         2.34        -2.43
552        24.27             22.92             -1.35         5.93        -0.44
207        24.14             21.34             -2.80         3.27        -0.94
492        24.11              5.41            -18.70         2.17        -2.76

2018-10-25 18:48:32,815 - INFO - Writing to ./results/diffsel/wtDNA_ctrl/T20-8ug-rep3b_sitediffsel.csv
2018-10-25 18:48:32,825 - INFO - Successful completion of dms2_diffsel
