2018-10-25 18:49:35,547 - INFO - Beginning execution of dms2_fracsurvive in directory /fh/fast/bloom_j/computational_notebooks/adingens/2018/EnfuvirtideResistance

2018-10-25 18:49:35,547 - INFO - Progress is being logged to ./results/fracsurvive/T20-8ug-rep2b.log
2018-10-25 18:49:35,553 - INFO - Version information:
	Time and date: Thu Oct 25 18:49:35 2018
	Platform: Linux-3.13.0-143-generic-x86_64-with-debian-jessie-sid
	Python version: 3.6.5 |Anaconda, Inc.| (default, Apr 29 2018, 16:14:56)  [GCC 7.2.0]
	dms_tools2 version: 2.3.0
	Bio version: 1.72
	HTSeq version: 0.11.0
	pandas version: 0.23.4
	numpy version: 1.15.1
	IPython version: 6.5.0
	jupyter version: 1.0.0
	matplotlib version: 3.0.0
	plotnine version: 0.5.0
	natsort version: 5.4.1
	pystan version: 2.16.0.0
	scipy version: 1.1.0
	seaborn version: 0.9.0
	phydmslib version: 2.3.1
	statsmodels version: 0.9.0
	rpy2 version: 2.9.1
	regex version: 2.4.146
	umi_tools version unknown

2018-10-25 18:49:35,553 - INFO - Parsed the following arguments:
	outdir = ./results/fracsurvive
	ncpus = 5
	use_existing = yes
	indir = ./results/renumberedcounts
	chartype = codon_to_aa
	aboveavg = no
	excludestop = yes
	pseudocount = 5.0
	mincount = 0
	name = T20-8ug-rep2b
	sel = mut-virus-rep2b-T20-8ug
	mock = mut-virus-rep2b
	libfracsurvive = 0.001509534
	err = wt-DNA-rep2

2018-10-25 18:49:35,557 - INFO - Reading selected sample counts from mut-virus-rep2b-T20-8ug
2018-10-25 18:49:35,583 - INFO - Reading mock-selected sample counts from mut-virus-rep2b
2018-10-25 18:49:35,591 - INFO - Reading error-control sample counts from wt-DNA-rep2
2018-10-25 18:49:35,601 - INFO - Computing fracsurvive for each mutation...
2018-10-25 18:49:38,792 - INFO - Mutations with largest mutfracsurvive:
site wildtype mutation  mutfracsurvive
551        Q        K            0.20
551        Q        W            0.11
548        I        Y            0.10
552        Q        R            0.09
548        I        C            0.08
552        Q        K            0.06
551        Q        R            0.05
556        L        R            0.04
548        I        H            0.04
548        I        W            0.03

2018-10-25 18:49:38,792 - INFO - Writing to ./results/fracsurvive/T20-8ug-rep2b_mutfracsurvive.csv
2018-10-25 18:49:38,832 - INFO - Computing sitefracsurvive...
2018-10-25 18:49:38,852 - INFO - Sites with largest avgfracsurvive:
site  avgfracsurvive  maxfracsurvive
551            0.03            0.20
548            0.02            0.10
552            0.01            0.09
556            0.01            0.04
 70            0.01            0.02
549            0.00            0.02
207            0.00            0.01
554            0.00            0.01
119            0.00            0.01
550            0.00            0.02

2018-10-25 18:49:38,852 - INFO - Writing to ./results/fracsurvive/T20-8ug-rep2b_sitefracsurvive.csv
2018-10-25 18:49:38,863 - INFO - Successful completion of dms2_fracsurvive
